Arguments: 
  /usr/local/bin/node /Users/son/.nvm/versions/node/v15.9.0/bin/yarn run tsc --init

PATH: 
  /opt/homebrew/bin:/usr/local/bin:/usr/local/bin:/Users/son/.nvm/versions/node/v15.9.0/bin:/usr/local/bin:/usr/bin:/bin:/usr/sbin:/sbin:/Library/Apple/usr/bin:/Users/son/FlutterDev/flutter/bin

Yarn version: 
  1.22.10

Node version: 
  16.13.1

Platform: 
  darwin x64

Trace: 
  SyntaxError: /Users/son/Desktop/dev/typescript_learn/package.json: Unexpected token } in JSON at position 172
      at JSON.parse (<anonymous>)
      at /Users/son/.nvm/versions/node/v15.9.0/lib/node_modules/yarn/lib/cli.js:1625:59
      at Generator.next (<anonymous>)
      at step (/Users/son/.nvm/versions/node/v15.9.0/lib/node_modules/yarn/lib/cli.js:310:30)
      at /Users/son/.nvm/versions/node/v15.9.0/lib/node_modules/yarn/lib/cli.js:321:13

npm manifest: 
  {
    "name": "typescript_learn",
    "version": "1.0.0",
    "description": "",
    "main": "main.js",
    "scripts": {
      "test": "echo \"Error: no test specified\" && exit 1",
    },
    "keywords": [],
    "author": "",
    "license": "ISC",
    "dependencies": {
      "http-server": "^14.1.0",
      "tsc-node": "^0.0.3"
    }
  }

yarn manifest: 
  No manifest

Lockfile: 
  No lockfile
